00:00:00.345634 VirtualBox GUI VM Selector Window 6.1.30 r148432 linux.amd64 (Dec 10 2021 19:46:42) release log
00:00:00.345639 Log opened 2021-12-17T19:22:02.214046000Z
00:00:00.345641 Build Type: release
00:00:00.345694 OS Product: Linux
00:00:00.345697 OS Release: 5.15.8-arch1-1
00:00:00.345701 OS Version: #1 SMP PREEMPT Tue, 14 Dec 2021 12:28:02 +0000
00:00:00.345726 DMI Product Name: Aspire A515-46
00:00:00.345736 DMI Product Version: V1.02
00:00:00.345743 Firmware type: UEFI
00:00:00.345972 Secure Boot: Disabled
00:00:00.346018 Host RAM: 17992MB (17.5GB) total, 14854MB (14.5GB) available
00:00:00.346024 Executable: /usr/lib/virtualbox/VirtualBox
00:00:00.346025 Process ID: 47706
00:00:00.346026 Package type: LINUX_64BITS_GENERIC (OSE)
00:00:00.346082 Qt version: 5.15.2
00:00:00.427564 GUI: UIMediumEnumerator: Medium-enumeration started...
00:00:01.353557 GUI: UIDesktopWidgetWatchdog::sltHandleHostScreenAvailableGeometryCalculated: Screen 0 work area is actually resized to: 1055x17 x 862x1060
00:00:01.367943 GUI: UIMediumEnumerator: Medium-enumeration finished!
00:01:42.675629 GUI: UIMediumEnumerator: Medium with key={{36fe92c7-4b3f-43fd-af0d-65635983b938}} created
00:01:42.926253 GUI: UIMediumEnumerator: Medium-enumeration finished!
00:02:06.100190 GUI: UIMediumEnumerator: Medium with key={{6d79267a-587b-40bf-9799-632b00bcf0d0}} created
00:02:06.109493 GUI: UIMediumEnumerator: Medium-enumeration finished!
00:02:16.185645 GUI: UIMediumEnumerator: Medium-enumeration finished!
00:02:16.322274 GUI: UIMediumEnumerator: Medium-enumeration finished!
00:30:10.853481 GUI: UIMediumEnumerator: Medium-enumeration finished!
00:30:11.513128 GUI: UIMediumEnumerator: Medium-enumeration finished!
00:30:24.099794 GUI: UIMediumEnumerator: Medium-enumeration finished!
00:30:24.238539 GUI: UIMediumEnumerator: Medium-enumeration finished!
